<?xml version="1.0" encoding="UTF-8" ?>
<testsuite tests="1" failures="1" name="org.runner.TestRunner" time="14.174" errors="0" skipped="0">
  <properties>
[...]
</properties>
  <testcase classname="To validate flight functionality of skyscanner application" name="To validate flights functionality of flights skyscanner application" time="14.174">
    <failure type="java.lang.AssertionError">java.lang.AssertionError
	at org.junit.Assert.fail(Assert.java:86)
	at org.junit.Assert.assertTrue(Assert.java:41)
	at org.junit.Assert.assertTrue(Assert.java:52)
	at org.stepdefinitation.Flights.the_user_has_to_click_direct_flight_only(Flights.java:55)
	at ✽.The user has to click  direct flight only(file:src/test/resources/features/skyScannerFlight.feature:10)
</failure>
    <system-out>Feature: To validate flight functionality of skyscanner application

  Scenario Outline: To validate flights functionality of flights skyscanner application # src/test/resources/features/skyScannerFlight.feature:3
    Given The user should be skyscanner page
    When The user has to click one way button
    And The user should be enter &quot;&lt;From&gt;&quot; and &quot;&lt;To&gt;&quot;
    And The user should be provide depart and return
    And The user has to click cabin class and increase adult count
    Then The user has to click  direct flight only

    Examples: 

  Scenario Outline: To validate flights functionality of flights skyscanner application # src/test/resources/features/skyScannerFlight.feature:14
======beforeHooks=======
    Given The user should be skyscanner page                                            # Flights.the_user_should_be_skyscanner_page()
    When The user has to click one way button                                           # Flights.the_user_has_to_click_one_way_button()
    And The user should be enter &quot;chennai&quot; and &quot;madurai&quot;                                # Flights.the_user_should_be_enter_and(String,String)
    And The user should be provide depart and return                                    # Flights.the_user_should_be_provide_depart_and_return()
    And The user has to click cabin class and increase adult count                      # Flights.the_user_has_to_click_cabin_class_and_increase_adult_count()
    Then The user has to click  direct flight only                                      # Flights.the_user_has_to_click_direct_flight_only()
      java.lang.AssertionError
	at org.junit.Assert.fail(Assert.java:86)
	at org.junit.Assert.assertTrue(Assert.java:41)
	at org.junit.Assert.assertTrue(Assert.java:52)
	at org.stepdefinitation.Flights.the_user_has_to_click_direct_flight_only(Flights.java:55)
	at ?.The user has to click  direct flight only(file:src/test/resources/features/skyScannerFlight.feature:10)

=======afterHooks=======
====take ss========
</system-out>
    <system-err>SLF4J: Failed to load class &quot;org.slf4j.impl.StaticLoggerBinder&quot;.
SLF4J: Defaulting to no-operation (NOP) logger implementation
SLF4J: See http://www.slf4j.org/codes.html#StaticLoggerBinder for further details.
Starting ChromeDriver 100.0.4896.60 (6a5d10861ce8de5fce22564658033b43cb7de047-refs/branch-heads/4896@{#875}) on port 56250
Only local connections are allowed.
Please see https://chromedriver.chromium.org/security-considerations for suggestions on keeping ChromeDriver safe.
ChromeDriver was started successfully.
Apr 27, 2022 10:44:37 PM org.openqa.selenium.remote.ProtocolHandshake createSession
INFO: Detected dialect: W3C
</system-err>
  </testcase>
</testsuite>