<?xml version="1.0" encoding="UTF-8"?>
<testng-results skipped="0" failed="0" ignored="0" total="1" passed="1">
  <reporter-output>
  </reporter-output>
  <suite name="Default suite" duration-ms="24060" started-at="2022-04-29T17:28:37Z" finished-at="2022-04-29T17:29:01Z">
    <groups>
      <group name="cucumber">
        <method signature="AbstractTestNGCucumberTests.runScenario(io.cucumber.testng.PickleEventWrapper, io.cucumber.testng.CucumberFeatureWrapper)[pri:0, instance:org.runner.TestRunner@617faa95]" name="runScenario" class="io.cucumber.testng.AbstractTestNGCucumberTests"/>
      </group> <!-- cucumber -->
    </groups>
    <test name="Default test" duration-ms="24060" started-at="2022-04-29T17:28:37Z" finished-at="2022-04-29T17:29:01Z">
      <class name="org.runner.TestRunner">
        <test-method status="PASS" signature="setUpClass()[pri:0, instance:org.runner.TestRunner@617faa95]" name="setUpClass" is-config="true" duration-ms="101" started-at="2022-04-29T17:28:37Z" finished-at="2022-04-29T17:28:37Z">
          <reporter-output>
          </reporter-output>
        </test-method> <!-- setUpClass -->
        <test-method status="PASS" signature="runScenario(io.cucumber.testng.PickleEventWrapper, io.cucumber.testng.CucumberFeatureWrapper)[pri:0, instance:org.runner.TestRunner@617faa95]" name="runScenario" duration-ms="22842" started-at="2022-04-29T17:28:37Z" description="Runs Cucumber Scenarios" data-provider="scenarios" finished-at="2022-04-29T17:29:00Z">
          <params>
            <param index="0">
              <value>
                <![CDATA["To validate flights functionality of flights skyscanner application"]]>
              </value>
            </param>
            <param index="1">
              <value>
                <![CDATA["To validate flight functionality of skyscanner application"]]>
              </value>
            </param>
          </params>
          <reporter-output>
          </reporter-output>
        </test-method> <!-- runScenario -->
        <test-method status="PASS" signature="Report()[pri:0, instance:org.runner.TestRunner@617faa95]" name="Report" is-config="true" duration-ms="1051" started-at="2022-04-29T17:29:00Z" finished-at="2022-04-29T17:29:01Z">
          <reporter-output>
          </reporter-output>
        </test-method> <!-- Report -->
        <test-method status="PASS" signature="tearDownClass()[pri:0, instance:org.runner.TestRunner@617faa95]" name="tearDownClass" is-config="true" duration-ms="34" started-at="2022-04-29T17:29:01Z" finished-at="2022-04-29T17:29:01Z">
          <reporter-output>
          </reporter-output>
        </test-method> <!-- tearDownClass -->
      </class> <!-- org.runner.TestRunner -->
    </test> <!-- Default test -->
  </suite> <!-- Default suite -->
</testng-results>
